Arguments: 
  E:\Program Files\nodejs\node.exe C:\Program Files (x86)\Yarn\bin\yarn.js add express ejs express-ejs-layout

PATH: 
  C:\Program Files\AdoptOpenJDK\jdk-8.0.222.10-hotspot\bin;C:\Program Files (x86)\Common Files\Oracle\Java\javapath;C:\WINDOWS\system32;C:\WINDOWS;C:\WINDOWS\System32\Wbem;C:\WINDOWS\System32\WindowsPowerShell\v1.0\;C:\WINDOWS\System32\OpenSSH\;C:\Program Files\Microsoft SQL Server\130\Tools\Binn\;C:\TDM-GCC-64\bin;C:\TDM-GCC-64\x86_64-w64-mingw32\include;C:\TDM-GCC-64\x86_64-w64-mingw32\include;E:\Program Files\nodejs\;E:\Program Files\Git\cmd;E:\JAVA EE\apache-maven-3.6.0;C:\Program Files (x86)\Yarn\bin\;C:\Users\ph\AppData\Local\Programs\Python\Python37-32;C:\Program Files\MongoDB\Server\4.2\bin;C:\Program Files\heroku\bin;E:\Program Files\Microsoft VS Code\bin;C:\Users\ph\AppData\Local\Yarn\bin;

Yarn version: 
  1.22.0

Node version: 
  12.11.0

Platform: 
  win32 x64

Trace: 
  Error: https://registry.yarnpkg.com/express-ejs-layout: Not found
      at Request.params.callback [as _callback] (C:\Program Files (x86)\Yarn\lib\cli.js:66084:18)
      at Request.self.callback (C:\Program Files (x86)\Yarn\lib\cli.js:140727:22)
      at Request.emit (events.js:210:5)
      at Request.<anonymous> (C:\Program Files (x86)\Yarn\lib\cli.js:141699:10)
      at Request.emit (events.js:210:5)
      at IncomingMessage.<anonymous> (C:\Program Files (x86)\Yarn\lib\cli.js:141621:12)
      at Object.onceWrapper (events.js:299:28)
      at IncomingMessage.emit (events.js:215:7)
      at endReadableNT (_stream_readable.js:1183:12)
      at processTicksAndRejections (internal/process/task_queues.js:80:21)

npm manifest: 
  {
    "name": "Mybrary",
    "version": "1.0.0",
    "description": "",
    "main": "index.js",
    "scripts": {
      "test": "echo \"Error: no test specified\" && exit 1"
    },
    "keywords": [],
    "author": "",
    "license": "ISC"
  }

yarn manifest: 
  No manifest

Lockfile: 
  No lockfile
